
*** Running vivado
    with args -log fir.vds -m64 -product Vivado -mode batch -messageDb vivado.pb -notrace -source fir.tcl


****** Vivado v2023.1 (64-bit)
  **** SW Build 3865809 on Sun May  7 15:04:56 MDT 2023
  **** IP Build 3864474 on Sun May  7 20:36:21 MDT 2023
  **** SharedData Build 3865790 on Sun May 07 13:33:03 MDT 2023
    ** Copyright 1986-2022 Xilinx, Inc. All Rights Reserved.
    ** Copyright 2022-2023 Advanced Micro Devices, Inc. All Rights Reserved.

source fir.tcl -notrace
Command: read_checkpoint -auto_incremental -incremental /home/ubuntu/course-lab_3/vivado/project_1.srcs/utils_1/imports/synth_1/fir.dcp
INFO: [Vivado 12-5825] Read reference checkpoint from /home/ubuntu/course-lab_3/vivado/project_1.srcs/utils_1/imports/synth_1/fir.dcp for incremental synthesis
INFO: [Vivado 12-7989] Please ensure there are no constraint changes
Command: synth_design -top fir -part xc7z020clg400-1
Starting synth_design
Attempting to get a license for feature 'Synthesis' and/or device 'xc7z020'
INFO: [Common 17-349] Got license for feature 'Synthesis' and/or device 'xc7z020'
INFO: [Device 21-403] Loading part xc7z020clg400-1
INFO: [Designutils 20-5440] No compile time benefit to using incremental synthesis; A full resynthesis will be run
INFO: [Designutils 20-4379] Flow is switching to default flow due to incremental criteria not met. If you would like to alter this behaviour and have the flow terminate instead, please set the following parameter config_implementation {autoIncr.Synth.RejectBehavior Terminate}
INFO: [Synth 8-7079] Multithreading enabled for synth_design using a maximum of 4 processes.
INFO: [Synth 8-7078] Launching helper process for spawning children vivado processes
INFO: [Synth 8-7075] Helper process launched with PID 182013
WARNING: [Synth 8-11065] parameter 'idle' becomes localparam in 'fir' with formal parameter declaration list [/home/ubuntu/course-lab_3/lab-fir/fir/rtl/fir.v:75]
WARNING: [Synth 8-11065] parameter 'input_coef' becomes localparam in 'fir' with formal parameter declaration list [/home/ubuntu/course-lab_3/lab-fir/fir/rtl/fir.v:76]
WARNING: [Synth 8-11065] parameter 'write_coef' becomes localparam in 'fir' with formal parameter declaration list [/home/ubuntu/course-lab_3/lab-fir/fir/rtl/fir.v:77]
WARNING: [Synth 8-11065] parameter 'output_coef' becomes localparam in 'fir' with formal parameter declaration list [/home/ubuntu/course-lab_3/lab-fir/fir/rtl/fir.v:78]
WARNING: [Synth 8-11065] parameter 'read_coef' becomes localparam in 'fir' with formal parameter declaration list [/home/ubuntu/course-lab_3/lab-fir/fir/rtl/fir.v:79]
WARNING: [Synth 8-11065] parameter 'calculate' becomes localparam in 'fir' with formal parameter declaration list [/home/ubuntu/course-lab_3/lab-fir/fir/rtl/fir.v:80]
WARNING: [Synth 8-11065] parameter 'calculate_full' becomes localparam in 'fir' with formal parameter declaration list [/home/ubuntu/course-lab_3/lab-fir/fir/rtl/fir.v:81]
WARNING: [Synth 8-11065] parameter 'out_state' becomes localparam in 'fir' with formal parameter declaration list [/home/ubuntu/course-lab_3/lab-fir/fir/rtl/fir.v:82]
WARNING: [Synth 8-11065] parameter 'check' becomes localparam in 'fir' with formal parameter declaration list [/home/ubuntu/course-lab_3/lab-fir/fir/rtl/fir.v:83]
---------------------------------------------------------------------------------
Starting RTL Elaboration : Time (s): cpu = 00:00:02 ; elapsed = 00:00:03 . Memory (MB): peak = 2816.660 ; gain = 378.801 ; free physical = 818 ; free virtual = 4776
---------------------------------------------------------------------------------
INFO: [Synth 8-6157] synthesizing module 'fir' [/home/ubuntu/course-lab_3/lab-fir/fir/rtl/fir.v:2]
INFO: [Synth 8-6157] synthesizing module 'bram11' [/home/ubuntu/course-lab_3/lab-fir/bram/bram11.v:4]
INFO: [Synth 8-6155] done synthesizing module 'bram11' (0#1) [/home/ubuntu/course-lab_3/lab-fir/bram/bram11.v:4]
WARNING: [Synth 8-6104] Input port 'tap_Do' has an internal driver [/home/ubuntu/course-lab_3/lab-fir/fir/rtl/fir.v:192]
WARNING: [Synth 8-6104] Input port 'data_Do' has an internal driver [/home/ubuntu/course-lab_3/lab-fir/fir/rtl/fir.v:256]
INFO: [Synth 8-6155] done synthesizing module 'fir' (0#1) [/home/ubuntu/course-lab_3/lab-fir/fir/rtl/fir.v:2]
WARNING: [Synth 8-6014] Unused sequential element data_length_reg was removed.  [/home/ubuntu/course-lab_3/lab-fir/fir/rtl/fir.v:518]
WARNING: [Synth 8-3917] design fir has port tap_EN driven by constant 1
WARNING: [Synth 8-3917] design fir has port data_EN driven by constant 1
WARNING: [Synth 8-3917] design fir has port data_A[11] driven by constant 0
WARNING: [Synth 8-3917] design fir has port data_A[10] driven by constant 0
WARNING: [Synth 8-3917] design fir has port data_A[9] driven by constant 0
WARNING: [Synth 8-3917] design fir has port data_A[8] driven by constant 0
WARNING: [Synth 8-7129] Port sm_tready in module fir is either unconnected or has no load
---------------------------------------------------------------------------------
Finished RTL Elaboration : Time (s): cpu = 00:00:03 ; elapsed = 00:00:03 . Memory (MB): peak = 2884.629 ; gain = 446.770 ; free physical = 728 ; free virtual = 4686
---------------------------------------------------------------------------------
---------------------------------------------------------------------------------
Start Handling Custom Attributes
---------------------------------------------------------------------------------
---------------------------------------------------------------------------------
Finished Handling Custom Attributes : Time (s): cpu = 00:00:03 ; elapsed = 00:00:04 . Memory (MB): peak = 2899.473 ; gain = 461.613 ; free physical = 727 ; free virtual = 4685
---------------------------------------------------------------------------------
---------------------------------------------------------------------------------
Finished RTL Optimization Phase 1 : Time (s): cpu = 00:00:03 ; elapsed = 00:00:04 . Memory (MB): peak = 2899.473 ; gain = 461.613 ; free physical = 727 ; free virtual = 4685
---------------------------------------------------------------------------------
Netlist sorting complete. Time (s): cpu = 00:00:00 ; elapsed = 00:00:00.01 . Memory (MB): peak = 2899.473 ; gain = 0.000 ; free physical = 727 ; free virtual = 4685
INFO: [Project 1-570] Preparing netlist for logic optimization

Processing XDC Constraints
Initializing timing engine
Parsing XDC File [/home/ubuntu/course-lab_3/vivado/project_1.srcs/constrs_1/new/constraints.xdc]
Finished Parsing XDC File [/home/ubuntu/course-lab_3/vivado/project_1.srcs/constrs_1/new/constraints.xdc]
Completed Processing XDC Constraints

Netlist sorting complete. Time (s): cpu = 00:00:00.01 ; elapsed = 00:00:00 . Memory (MB): peak = 3006.199 ; gain = 0.000 ; free physical = 715 ; free virtual = 4673
INFO: [Project 1-111] Unisim Transformation Summary:
No Unisim elements were transformed.

Constraint Validation Runtime : Time (s): cpu = 00:00:00 ; elapsed = 00:00:00.01 . Memory (MB): peak = 3006.199 ; gain = 0.000 ; free physical = 715 ; free virtual = 4673
INFO: [Designutils 20-5440] No compile time benefit to using incremental synthesis; A full resynthesis will be run
INFO: [Designutils 20-4379] Flow is switching to default flow due to incremental criteria not met. If you would like to alter this behaviour and have the flow terminate instead, please set the following parameter config_implementation {autoIncr.Synth.RejectBehavior Terminate}
---------------------------------------------------------------------------------
Finished Constraint Validation : Time (s): cpu = 00:00:07 ; elapsed = 00:00:07 . Memory (MB): peak = 3006.199 ; gain = 568.340 ; free physical = 713 ; free virtual = 4671
---------------------------------------------------------------------------------
---------------------------------------------------------------------------------
Start Loading Part and Timing Information
---------------------------------------------------------------------------------
Loading part: xc7z020clg400-1
---------------------------------------------------------------------------------
Finished Loading Part and Timing Information : Time (s): cpu = 00:00:07 ; elapsed = 00:00:07 . Memory (MB): peak = 3006.199 ; gain = 568.340 ; free physical = 713 ; free virtual = 4671
---------------------------------------------------------------------------------
---------------------------------------------------------------------------------
Start Applying 'set_property' XDC Constraints
---------------------------------------------------------------------------------
---------------------------------------------------------------------------------
Finished applying 'set_property' XDC Constraints : Time (s): cpu = 00:00:07 ; elapsed = 00:00:07 . Memory (MB): peak = 3006.199 ; gain = 568.340 ; free physical = 713 ; free virtual = 4671
---------------------------------------------------------------------------------
WARNING: [Synth 8-327] inferring latch for variable 'data_Di_reg' [/home/ubuntu/course-lab_3/lab-fir/fir/rtl/fir.v:256]
---------------------------------------------------------------------------------
Finished RTL Optimization Phase 2 : Time (s): cpu = 00:00:07 ; elapsed = 00:00:08 . Memory (MB): peak = 3006.199 ; gain = 568.340 ; free physical = 712 ; free virtual = 4671
---------------------------------------------------------------------------------
---------------------------------------------------------------------------------
Start RTL Component Statistics 
---------------------------------------------------------------------------------
Detailed RTL Component Info : 
+---Adders : 
	   2 Input   64 Bit       Adders := 1     
	   2 Input   10 Bit       Adders := 1     
	   2 Input    4 Bit       Adders := 5     
+---Registers : 
	               64 Bit    Registers := 1     
	               32 Bit    Registers := 1     
	               12 Bit    Registers := 3     
	               10 Bit    Registers := 1     
	                4 Bit    Registers := 6     
	                1 Bit    Registers := 8     
+---Multipliers : 
	              32x32  Multipliers := 1     
+---RAMs : 
	              352 Bit	(11 X 32 bit)          RAMs := 2     
+---Muxes : 
	   2 Input   64 Bit        Muxes := 2     
	   2 Input   32 Bit        Muxes := 16    
	   2 Input   12 Bit        Muxes := 1     
	   2 Input    8 Bit        Muxes := 3     
	  13 Input    8 Bit        Muxes := 1     
	  12 Input    8 Bit        Muxes := 1     
	  14 Input    8 Bit        Muxes := 1     
	   2 Input    4 Bit        Muxes := 17    
	   3 Input    4 Bit        Muxes := 2     
	   2 Input    3 Bit        Muxes := 3     
	   3 Input    3 Bit        Muxes := 1     
	   2 Input    2 Bit        Muxes := 3     
	   2 Input    1 Bit        Muxes := 17    
	   3 Input    1 Bit        Muxes := 2     
---------------------------------------------------------------------------------
Finished RTL Component Statistics 
---------------------------------------------------------------------------------
---------------------------------------------------------------------------------
Start Part Resource Summary
---------------------------------------------------------------------------------
Part Resources:
DSPs: 220 (col length:60)
BRAMs: 280 (col length: RAMB18 60 RAMB36 30)
---------------------------------------------------------------------------------
Finished Part Resource Summary
---------------------------------------------------------------------------------
---------------------------------------------------------------------------------
Start Cross Boundary and Area Optimization
---------------------------------------------------------------------------------
WARNING: [Synth 8-7080] Parallel synthesis criteria is not met
DSP Report: Generating DSP multr, operation Mode is: A*B.
DSP Report: operator multr is absorbed into DSP multr.
DSP Report: operator multr is absorbed into DSP multr.
DSP Report: Generating DSP multr, operation Mode is: (PCIN>>17)+A*B.
DSP Report: operator multr is absorbed into DSP multr.
DSP Report: operator multr is absorbed into DSP multr.
DSP Report: Generating DSP multr, operation Mode is: A*B.
DSP Report: operator multr is absorbed into DSP multr.
DSP Report: operator multr is absorbed into DSP multr.
DSP Report: Generating DSP multr, operation Mode is: (PCIN>>17)+A*B.
DSP Report: operator multr is absorbed into DSP multr.
DSP Report: operator multr is absorbed into DSP multr.
WARNING: [Synth 8-3917] design fir has port tap_EN driven by constant 1
WARNING: [Synth 8-3917] design fir has port data_EN driven by constant 1
WARNING: [Synth 8-3917] design fir has port data_A[11] driven by constant 0
WARNING: [Synth 8-3917] design fir has port data_A[10] driven by constant 0
WARNING: [Synth 8-3917] design fir has port data_A[9] driven by constant 0
WARNING: [Synth 8-3917] design fir has port data_A[8] driven by constant 0
WARNING: [Synth 8-7129] Port sm_tready in module fir is either unconnected or has no load
---------------------------------------------------------------------------------
Finished Cross Boundary and Area Optimization : Time (s): cpu = 00:00:09 ; elapsed = 00:00:09 . Memory (MB): peak = 3006.199 ; gain = 568.340 ; free physical = 691 ; free virtual = 4654
---------------------------------------------------------------------------------
---------------------------------------------------------------------------------
Start ROM, RAM, DSP, Shift Register and Retiming Reporting
---------------------------------------------------------------------------------

Distributed RAM: Preliminary Mapping Report (see note below)
+------------+--------------+-----------+----------------------+----------------+
|Module Name | RTL Object   | Inference | Size (Depth x Width) | Primitives     | 
+------------+--------------+-----------+----------------------+----------------+
|fir         | coef/RAM_reg | Implied   | 16 x 32              | RAM16X1D x 32  | 
|fir         | xin/RAM_reg  | Implied   | 16 x 32              | RAM16X1D x 32  | 
+------------+--------------+-----------+----------------------+----------------+

Note: The table above is a preliminary report that shows the Distributed RAMs at the current stage of the synthesis flow. Some Distributed RAMs may be reimplemented as non Distributed RAM primitives later in the synthesis flow. Multiple instantiated RAMs are reported only once.

DSP: Preliminary Mapping Report (see note below. The ' indicates corresponding REG is set)
+------------+----------------+--------+--------+--------+--------+--------+------+------+------+------+-------+------+------+
|Module Name | DSP Mapping    | A Size | B Size | C Size | D Size | P Size | AREG | BREG | CREG | DREG | ADREG | MREG | PREG | 
+------------+----------------+--------+--------+--------+--------+--------+------+------+------+------+-------+------+------+
|fir         | A*B            | 18     | 15     | -      | -      | 48     | 0    | 0    | -    | -    | -     | 0    | 0    | 
|fir         | (PCIN>>17)+A*B | 15     | 15     | -      | -      | 48     | 0    | 0    | -    | -    | -     | 0    | 0    | 
|fir         | A*B            | 18     | 18     | -      | -      | 48     | 0    | 0    | -    | -    | -     | 0    | 0    | 
|fir         | (PCIN>>17)+A*B | 18     | 15     | -      | -      | 48     | 0    | 0    | -    | -    | -     | 0    | 0    | 
+------------+----------------+--------+--------+--------+--------+--------+------+------+------+------+-------+------+------+

Note: The table above is a preliminary report that shows the DSPs inferred at the current stage of the synthesis flow. Some DSP may be reimplemented as non DSP primitives later in the synthesis flow. Multiple instantiated DSPs are reported only once.
---------------------------------------------------------------------------------
Finished ROM, RAM, DSP, Shift Register and Retiming Reporting
---------------------------------------------------------------------------------
---------------------------------------------------------------------------------
Start Applying XDC Timing Constraints
---------------------------------------------------------------------------------
---------------------------------------------------------------------------------
Finished Applying XDC Timing Constraints : Time (s): cpu = 00:00:12 ; elapsed = 00:00:13 . Memory (MB): peak = 3006.199 ; gain = 568.340 ; free physical = 689 ; free virtual = 4653
---------------------------------------------------------------------------------
---------------------------------------------------------------------------------
Start Timing Optimization
---------------------------------------------------------------------------------
---------------------------------------------------------------------------------
Finished Timing Optimization : Time (s): cpu = 00:00:13 ; elapsed = 00:00:14 . Memory (MB): peak = 3006.199 ; gain = 568.340 ; free physical = 665 ; free virtual = 4628
---------------------------------------------------------------------------------
---------------------------------------------------------------------------------
Start ROM, RAM, DSP, Shift Register and Retiming Reporting
---------------------------------------------------------------------------------

Distributed RAM: Final Mapping Report
+------------+--------------+-----------+----------------------+----------------+
|Module Name | RTL Object   | Inference | Size (Depth x Width) | Primitives     | 
+------------+--------------+-----------+----------------------+----------------+
|fir         | coef/RAM_reg | Implied   | 16 x 32              | RAM16X1D x 32  | 
|fir         | xin/RAM_reg  | Implied   | 16 x 32              | RAM16X1D x 32  | 
+------------+--------------+-----------+----------------------+----------------+

---------------------------------------------------------------------------------
Finished ROM, RAM, DSP, Shift Register and Retiming Reporting
---------------------------------------------------------------------------------
---------------------------------------------------------------------------------
Start Technology Mapping
---------------------------------------------------------------------------------
---------------------------------------------------------------------------------
Finished Technology Mapping : Time (s): cpu = 00:00:13 ; elapsed = 00:00:14 . Memory (MB): peak = 3006.199 ; gain = 568.340 ; free physical = 665 ; free virtual = 4628
---------------------------------------------------------------------------------
---------------------------------------------------------------------------------
Start IO Insertion
---------------------------------------------------------------------------------
---------------------------------------------------------------------------------
Start Flattening Before IO Insertion
---------------------------------------------------------------------------------
---------------------------------------------------------------------------------
Finished Flattening Before IO Insertion
---------------------------------------------------------------------------------
---------------------------------------------------------------------------------
Start Final Netlist Cleanup
---------------------------------------------------------------------------------
---------------------------------------------------------------------------------
Finished Final Netlist Cleanup
---------------------------------------------------------------------------------
---------------------------------------------------------------------------------
Finished IO Insertion : Time (s): cpu = 00:00:15 ; elapsed = 00:00:16 . Memory (MB): peak = 3006.199 ; gain = 568.340 ; free physical = 665 ; free virtual = 4628
---------------------------------------------------------------------------------
---------------------------------------------------------------------------------
Start Renaming Generated Instances
---------------------------------------------------------------------------------
---------------------------------------------------------------------------------
Finished Renaming Generated Instances : Time (s): cpu = 00:00:15 ; elapsed = 00:00:16 . Memory (MB): peak = 3006.199 ; gain = 568.340 ; free physical = 665 ; free virtual = 4628
---------------------------------------------------------------------------------
CRITICAL WARNING: [Synth 8-6859] multi-driven net on pin tap_Do_IBUF[0] with 1st driver pin 'tap_Do_IBUF[0]_inst/O' [/home/ubuntu/course-lab_3/lab-fir/fir/rtl/fir.v:2]
CRITICAL WARNING: [Synth 8-6859] multi-driven net on pin tap_Do_IBUF[0] with 2nd driver pin 'coef/RAM_reg_0_15_0_0/DPO' [/home/ubuntu/course-lab_3/lab-fir/bram/bram11.v:29]
CRITICAL WARNING: [Synth 8-6859] multi-driven net on pin tap_Do_IBUF[1] with 1st driver pin 'tap_Do_IBUF[1]_inst/O' [/home/ubuntu/course-lab_3/lab-fir/fir/rtl/fir.v:2]
CRITICAL WARNING: [Synth 8-6859] multi-driven net on pin tap_Do_IBUF[1] with 2nd driver pin 'coef/RAM_reg_0_15_1_1/DPO' [/home/ubuntu/course-lab_3/lab-fir/bram/bram11.v:29]
CRITICAL WARNING: [Synth 8-6859] multi-driven net on pin tap_Do_IBUF[2] with 1st driver pin 'tap_Do_IBUF[2]_inst/O' [/home/ubuntu/course-lab_3/lab-fir/fir/rtl/fir.v:2]
CRITICAL WARNING: [Synth 8-6859] multi-driven net on pin tap_Do_IBUF[2] with 2nd driver pin 'coef/RAM_reg_0_15_2_2/DPO' [/home/ubuntu/course-lab_3/lab-fir/bram/bram11.v:29]
CRITICAL WARNING: [Synth 8-6859] multi-driven net on pin tap_Do_IBUF[3] with 1st driver pin 'tap_Do_IBUF[3]_inst/O' [/home/ubuntu/course-lab_3/lab-fir/fir/rtl/fir.v:2]
CRITICAL WARNING: [Synth 8-6859] multi-driven net on pin tap_Do_IBUF[3] with 2nd driver pin 'coef/RAM_reg_0_15_3_3/DPO' [/home/ubuntu/course-lab_3/lab-fir/bram/bram11.v:29]
CRITICAL WARNING: [Synth 8-6859] multi-driven net on pin tap_Do_IBUF[4] with 1st driver pin 'tap_Do_IBUF[4]_inst/O' [/home/ubuntu/course-lab_3/lab-fir/fir/rtl/fir.v:2]
CRITICAL WARNING: [Synth 8-6859] multi-driven net on pin tap_Do_IBUF[4] with 2nd driver pin 'coef/RAM_reg_0_15_4_4/DPO' [/home/ubuntu/course-lab_3/lab-fir/bram/bram11.v:29]
CRITICAL WARNING: [Synth 8-6859] multi-driven net on pin tap_Do_IBUF[5] with 1st driver pin 'tap_Do_IBUF[5]_inst/O' [/home/ubuntu/course-lab_3/lab-fir/fir/rtl/fir.v:2]
CRITICAL WARNING: [Synth 8-6859] multi-driven net on pin tap_Do_IBUF[5] with 2nd driver pin 'coef/RAM_reg_0_15_5_5/DPO' [/home/ubuntu/course-lab_3/lab-fir/bram/bram11.v:29]
CRITICAL WARNING: [Synth 8-6859] multi-driven net on pin tap_Do_IBUF[6] with 1st driver pin 'tap_Do_IBUF[6]_inst/O' [/home/ubuntu/course-lab_3/lab-fir/fir/rtl/fir.v:2]
CRITICAL WARNING: [Synth 8-6859] multi-driven net on pin tap_Do_IBUF[6] with 2nd driver pin 'coef/RAM_reg_0_15_6_6/DPO' [/home/ubuntu/course-lab_3/lab-fir/bram/bram11.v:29]
CRITICAL WARNING: [Synth 8-6859] multi-driven net on pin tap_Do_IBUF[7] with 1st driver pin 'tap_Do_IBUF[7]_inst/O' [/home/ubuntu/course-lab_3/lab-fir/fir/rtl/fir.v:2]
CRITICAL WARNING: [Synth 8-6859] multi-driven net on pin tap_Do_IBUF[7] with 2nd driver pin 'coef/RAM_reg_0_15_7_7/DPO' [/home/ubuntu/course-lab_3/lab-fir/bram/bram11.v:29]
CRITICAL WARNING: [Synth 8-6859] multi-driven net on pin tap_Do_IBUF[8] with 1st driver pin 'tap_Do_IBUF[8]_inst/O' [/home/ubuntu/course-lab_3/lab-fir/fir/rtl/fir.v:2]
CRITICAL WARNING: [Synth 8-6859] multi-driven net on pin tap_Do_IBUF[8] with 2nd driver pin 'coef/RAM_reg_0_15_8_8/DPO' [/home/ubuntu/course-lab_3/lab-fir/bram/bram11.v:29]
CRITICAL WARNING: [Synth 8-6859] multi-driven net on pin tap_Do_IBUF[9] with 1st driver pin 'tap_Do_IBUF[9]_inst/O' [/home/ubuntu/course-lab_3/lab-fir/fir/rtl/fir.v:2]
CRITICAL WARNING: [Synth 8-6859] multi-driven net on pin tap_Do_IBUF[9] with 2nd driver pin 'coef/RAM_reg_0_15_9_9/DPO' [/home/ubuntu/course-lab_3/lab-fir/bram/bram11.v:29]
CRITICAL WARNING: [Synth 8-6859] multi-driven net on pin tap_Do_IBUF[10] with 1st driver pin 'tap_Do_IBUF[10]_inst/O' [/home/ubuntu/course-lab_3/lab-fir/fir/rtl/fir.v:2]
CRITICAL WARNING: [Synth 8-6859] multi-driven net on pin tap_Do_IBUF[10] with 2nd driver pin 'coef/RAM_reg_0_15_10_10/DPO' [/home/ubuntu/course-lab_3/lab-fir/bram/bram11.v:29]
CRITICAL WARNING: [Synth 8-6859] multi-driven net on pin tap_Do_IBUF[11] with 1st driver pin 'tap_Do_IBUF[11]_inst/O' [/home/ubuntu/course-lab_3/lab-fir/fir/rtl/fir.v:2]
CRITICAL WARNING: [Synth 8-6859] multi-driven net on pin tap_Do_IBUF[11] with 2nd driver pin 'coef/RAM_reg_0_15_11_11/DPO' [/home/ubuntu/course-lab_3/lab-fir/bram/bram11.v:29]
CRITICAL WARNING: [Synth 8-6859] multi-driven net on pin tap_Do_IBUF[12] with 1st driver pin 'tap_Do_IBUF[12]_inst/O' [/home/ubuntu/course-lab_3/lab-fir/fir/rtl/fir.v:2]
CRITICAL WARNING: [Synth 8-6859] multi-driven net on pin tap_Do_IBUF[12] with 2nd driver pin 'coef/RAM_reg_0_15_12_12/DPO' [/home/ubuntu/course-lab_3/lab-fir/bram/bram11.v:29]
CRITICAL WARNING: [Synth 8-6859] multi-driven net on pin tap_Do_IBUF[13] with 1st driver pin 'tap_Do_IBUF[13]_inst/O' [/home/ubuntu/course-lab_3/lab-fir/fir/rtl/fir.v:2]
CRITICAL WARNING: [Synth 8-6859] multi-driven net on pin tap_Do_IBUF[13] with 2nd driver pin 'coef/RAM_reg_0_15_13_13/DPO' [/home/ubuntu/course-lab_3/lab-fir/bram/bram11.v:29]
CRITICAL WARNING: [Synth 8-6859] multi-driven net on pin tap_Do_IBUF[14] with 1st driver pin 'tap_Do_IBUF[14]_inst/O' [/home/ubuntu/course-lab_3/lab-fir/fir/rtl/fir.v:2]
CRITICAL WARNING: [Synth 8-6859] multi-driven net on pin tap_Do_IBUF[14] with 2nd driver pin 'coef/RAM_reg_0_15_14_14/DPO' [/home/ubuntu/course-lab_3/lab-fir/bram/bram11.v:29]
CRITICAL WARNING: [Synth 8-6859] multi-driven net on pin tap_Do_IBUF[15] with 1st driver pin 'tap_Do_IBUF[15]_inst/O' [/home/ubuntu/course-lab_3/lab-fir/fir/rtl/fir.v:2]
CRITICAL WARNING: [Synth 8-6859] multi-driven net on pin tap_Do_IBUF[15] with 2nd driver pin 'coef/RAM_reg_0_15_15_15/DPO' [/home/ubuntu/course-lab_3/lab-fir/bram/bram11.v:29]
CRITICAL WARNING: [Synth 8-6859] multi-driven net on pin tap_Do_IBUF[16] with 1st driver pin 'tap_Do_IBUF[16]_inst/O' [/home/ubuntu/course-lab_3/lab-fir/fir/rtl/fir.v:2]
CRITICAL WARNING: [Synth 8-6859] multi-driven net on pin tap_Do_IBUF[16] with 2nd driver pin 'coef/RAM_reg_0_15_16_16/DPO' [/home/ubuntu/course-lab_3/lab-fir/bram/bram11.v:29]
CRITICAL WARNING: [Synth 8-6859] multi-driven net on pin tap_Do_IBUF[17] with 1st driver pin 'tap_Do_IBUF[17]_inst/O' [/home/ubuntu/course-lab_3/lab-fir/fir/rtl/fir.v:2]
CRITICAL WARNING: [Synth 8-6859] multi-driven net on pin tap_Do_IBUF[17] with 2nd driver pin 'coef/RAM_reg_0_15_17_17/DPO' [/home/ubuntu/course-lab_3/lab-fir/bram/bram11.v:29]
CRITICAL WARNING: [Synth 8-6859] multi-driven net on pin tap_Do_IBUF[18] with 1st driver pin 'tap_Do_IBUF[18]_inst/O' [/home/ubuntu/course-lab_3/lab-fir/fir/rtl/fir.v:2]
CRITICAL WARNING: [Synth 8-6859] multi-driven net on pin tap_Do_IBUF[18] with 2nd driver pin 'coef/RAM_reg_0_15_18_18/DPO' [/home/ubuntu/course-lab_3/lab-fir/bram/bram11.v:29]
CRITICAL WARNING: [Synth 8-6859] multi-driven net on pin tap_Do_IBUF[19] with 1st driver pin 'tap_Do_IBUF[19]_inst/O' [/home/ubuntu/course-lab_3/lab-fir/fir/rtl/fir.v:2]
CRITICAL WARNING: [Synth 8-6859] multi-driven net on pin tap_Do_IBUF[19] with 2nd driver pin 'coef/RAM_reg_0_15_19_19/DPO' [/home/ubuntu/course-lab_3/lab-fir/bram/bram11.v:29]
CRITICAL WARNING: [Synth 8-6859] multi-driven net on pin tap_Do_IBUF[20] with 1st driver pin 'tap_Do_IBUF[20]_inst/O' [/home/ubuntu/course-lab_3/lab-fir/fir/rtl/fir.v:2]
CRITICAL WARNING: [Synth 8-6859] multi-driven net on pin tap_Do_IBUF[20] with 2nd driver pin 'coef/RAM_reg_0_15_20_20/DPO' [/home/ubuntu/course-lab_3/lab-fir/bram/bram11.v:29]
CRITICAL WARNING: [Synth 8-6859] multi-driven net on pin tap_Do_IBUF[21] with 1st driver pin 'tap_Do_IBUF[21]_inst/O' [/home/ubuntu/course-lab_3/lab-fir/fir/rtl/fir.v:2]
CRITICAL WARNING: [Synth 8-6859] multi-driven net on pin tap_Do_IBUF[21] with 2nd driver pin 'coef/RAM_reg_0_15_21_21/DPO' [/home/ubuntu/course-lab_3/lab-fir/bram/bram11.v:29]
CRITICAL WARNING: [Synth 8-6859] multi-driven net on pin tap_Do_IBUF[22] with 1st driver pin 'tap_Do_IBUF[22]_inst/O' [/home/ubuntu/course-lab_3/lab-fir/fir/rtl/fir.v:2]
CRITICAL WARNING: [Synth 8-6859] multi-driven net on pin tap_Do_IBUF[22] with 2nd driver pin 'coef/RAM_reg_0_15_22_22/DPO' [/home/ubuntu/course-lab_3/lab-fir/bram/bram11.v:29]
CRITICAL WARNING: [Synth 8-6859] multi-driven net on pin tap_Do_IBUF[23] with 1st driver pin 'tap_Do_IBUF[23]_inst/O' [/home/ubuntu/course-lab_3/lab-fir/fir/rtl/fir.v:2]
CRITICAL WARNING: [Synth 8-6859] multi-driven net on pin tap_Do_IBUF[23] with 2nd driver pin 'coef/RAM_reg_0_15_23_23/DPO' [/home/ubuntu/course-lab_3/lab-fir/bram/bram11.v:29]
CRITICAL WARNING: [Synth 8-6859] multi-driven net on pin tap_Do_IBUF[24] with 1st driver pin 'tap_Do_IBUF[24]_inst/O' [/home/ubuntu/course-lab_3/lab-fir/fir/rtl/fir.v:2]
CRITICAL WARNING: [Synth 8-6859] multi-driven net on pin tap_Do_IBUF[24] with 2nd driver pin 'coef/RAM_reg_0_15_24_24/DPO' [/home/ubuntu/course-lab_3/lab-fir/bram/bram11.v:29]
CRITICAL WARNING: [Synth 8-6859] multi-driven net on pin tap_Do_IBUF[25] with 1st driver pin 'tap_Do_IBUF[25]_inst/O' [/home/ubuntu/course-lab_3/lab-fir/fir/rtl/fir.v:2]
CRITICAL WARNING: [Synth 8-6859] multi-driven net on pin tap_Do_IBUF[25] with 2nd driver pin 'coef/RAM_reg_0_15_25_25/DPO' [/home/ubuntu/course-lab_3/lab-fir/bram/bram11.v:29]
CRITICAL WARNING: [Synth 8-6859] multi-driven net on pin tap_Do_IBUF[26] with 1st driver pin 'tap_Do_IBUF[26]_inst/O' [/home/ubuntu/course-lab_3/lab-fir/fir/rtl/fir.v:2]
CRITICAL WARNING: [Synth 8-6859] multi-driven net on pin tap_Do_IBUF[26] with 2nd driver pin 'coef/RAM_reg_0_15_26_26/DPO' [/home/ubuntu/course-lab_3/lab-fir/bram/bram11.v:29]
CRITICAL WARNING: [Synth 8-6859] multi-driven net on pin tap_Do_IBUF[27] with 1st driver pin 'tap_Do_IBUF[27]_inst/O' [/home/ubuntu/course-lab_3/lab-fir/fir/rtl/fir.v:2]
CRITICAL WARNING: [Synth 8-6859] multi-driven net on pin tap_Do_IBUF[27] with 2nd driver pin 'coef/RAM_reg_0_15_27_27/DPO' [/home/ubuntu/course-lab_3/lab-fir/bram/bram11.v:29]
CRITICAL WARNING: [Synth 8-6859] multi-driven net on pin tap_Do_IBUF[28] with 1st driver pin 'tap_Do_IBUF[28]_inst/O' [/home/ubuntu/course-lab_3/lab-fir/fir/rtl/fir.v:2]
CRITICAL WARNING: [Synth 8-6859] multi-driven net on pin tap_Do_IBUF[28] with 2nd driver pin 'coef/RAM_reg_0_15_28_28/DPO' [/home/ubuntu/course-lab_3/lab-fir/bram/bram11.v:29]
CRITICAL WARNING: [Synth 8-6859] multi-driven net on pin tap_Do_IBUF[29] with 1st driver pin 'tap_Do_IBUF[29]_inst/O' [/home/ubuntu/course-lab_3/lab-fir/fir/rtl/fir.v:2]
CRITICAL WARNING: [Synth 8-6859] multi-driven net on pin tap_Do_IBUF[29] with 2nd driver pin 'coef/RAM_reg_0_15_29_29/DPO' [/home/ubuntu/course-lab_3/lab-fir/bram/bram11.v:29]
CRITICAL WARNING: [Synth 8-6859] multi-driven net on pin tap_Do_IBUF[30] with 1st driver pin 'tap_Do_IBUF[30]_inst/O' [/home/ubuntu/course-lab_3/lab-fir/fir/rtl/fir.v:2]
CRITICAL WARNING: [Synth 8-6859] multi-driven net on pin tap_Do_IBUF[30] with 2nd driver pin 'coef/RAM_reg_0_15_30_30/DPO' [/home/ubuntu/course-lab_3/lab-fir/bram/bram11.v:29]
CRITICAL WARNING: [Synth 8-6859] multi-driven net on pin tap_Do_IBUF[31] with 1st driver pin 'tap_Do_IBUF[31]_inst/O' [/home/ubuntu/course-lab_3/lab-fir/fir/rtl/fir.v:2]
CRITICAL WARNING: [Synth 8-6859] multi-driven net on pin tap_Do_IBUF[31] with 2nd driver pin 'coef/RAM_reg_0_15_31_31/DPO' [/home/ubuntu/course-lab_3/lab-fir/bram/bram11.v:29]
CRITICAL WARNING: [Synth 8-6859] multi-driven net on pin data_Do_IBUF[0] with 1st driver pin 'data_Do_IBUF[0]_inst/O' [/home/ubuntu/course-lab_3/lab-fir/fir/rtl/fir.v:2]
CRITICAL WARNING: [Synth 8-6859] multi-driven net on pin data_Do_IBUF[0] with 2nd driver pin 'xin/RAM_reg_0_15_0_0/DPO' [/home/ubuntu/course-lab_3/lab-fir/bram/bram11.v:29]
CRITICAL WARNING: [Synth 8-6859] multi-driven net on pin data_Do_IBUF[1] with 1st driver pin 'data_Do_IBUF[1]_inst/O' [/home/ubuntu/course-lab_3/lab-fir/fir/rtl/fir.v:2]
CRITICAL WARNING: [Synth 8-6859] multi-driven net on pin data_Do_IBUF[1] with 2nd driver pin 'xin/RAM_reg_0_15_1_1/DPO' [/home/ubuntu/course-lab_3/lab-fir/bram/bram11.v:29]
CRITICAL WARNING: [Synth 8-6859] multi-driven net on pin data_Do_IBUF[2] with 1st driver pin 'data_Do_IBUF[2]_inst/O' [/home/ubuntu/course-lab_3/lab-fir/fir/rtl/fir.v:2]
CRITICAL WARNING: [Synth 8-6859] multi-driven net on pin data_Do_IBUF[2] with 2nd driver pin 'xin/RAM_reg_0_15_2_2/DPO' [/home/ubuntu/course-lab_3/lab-fir/bram/bram11.v:29]
CRITICAL WARNING: [Synth 8-6859] multi-driven net on pin data_Do_IBUF[3] with 1st driver pin 'data_Do_IBUF[3]_inst/O' [/home/ubuntu/course-lab_3/lab-fir/fir/rtl/fir.v:2]
CRITICAL WARNING: [Synth 8-6859] multi-driven net on pin data_Do_IBUF[3] with 2nd driver pin 'xin/RAM_reg_0_15_3_3/DPO' [/home/ubuntu/course-lab_3/lab-fir/bram/bram11.v:29]
CRITICAL WARNING: [Synth 8-6859] multi-driven net on pin data_Do_IBUF[4] with 1st driver pin 'data_Do_IBUF[4]_inst/O' [/home/ubuntu/course-lab_3/lab-fir/fir/rtl/fir.v:2]
CRITICAL WARNING: [Synth 8-6859] multi-driven net on pin data_Do_IBUF[4] with 2nd driver pin 'xin/RAM_reg_0_15_4_4/DPO' [/home/ubuntu/course-lab_3/lab-fir/bram/bram11.v:29]
CRITICAL WARNING: [Synth 8-6859] multi-driven net on pin data_Do_IBUF[5] with 1st driver pin 'data_Do_IBUF[5]_inst/O' [/home/ubuntu/course-lab_3/lab-fir/fir/rtl/fir.v:2]
CRITICAL WARNING: [Synth 8-6859] multi-driven net on pin data_Do_IBUF[5] with 2nd driver pin 'xin/RAM_reg_0_15_5_5/DPO' [/home/ubuntu/course-lab_3/lab-fir/bram/bram11.v:29]
CRITICAL WARNING: [Synth 8-6859] multi-driven net on pin data_Do_IBUF[6] with 1st driver pin 'data_Do_IBUF[6]_inst/O' [/home/ubuntu/course-lab_3/lab-fir/fir/rtl/fir.v:2]
CRITICAL WARNING: [Synth 8-6859] multi-driven net on pin data_Do_IBUF[6] with 2nd driver pin 'xin/RAM_reg_0_15_6_6/DPO' [/home/ubuntu/course-lab_3/lab-fir/bram/bram11.v:29]
CRITICAL WARNING: [Synth 8-6859] multi-driven net on pin data_Do_IBUF[7] with 1st driver pin 'data_Do_IBUF[7]_inst/O' [/home/ubuntu/course-lab_3/lab-fir/fir/rtl/fir.v:2]
CRITICAL WARNING: [Synth 8-6859] multi-driven net on pin data_Do_IBUF[7] with 2nd driver pin 'xin/RAM_reg_0_15_7_7/DPO' [/home/ubuntu/course-lab_3/lab-fir/bram/bram11.v:29]
CRITICAL WARNING: [Synth 8-6859] multi-driven net on pin data_Do_IBUF[8] with 1st driver pin 'data_Do_IBUF[8]_inst/O' [/home/ubuntu/course-lab_3/lab-fir/fir/rtl/fir.v:2]
CRITICAL WARNING: [Synth 8-6859] multi-driven net on pin data_Do_IBUF[8] with 2nd driver pin 'xin/RAM_reg_0_15_8_8/DPO' [/home/ubuntu/course-lab_3/lab-fir/bram/bram11.v:29]
CRITICAL WARNING: [Synth 8-6859] multi-driven net on pin data_Do_IBUF[9] with 1st driver pin 'data_Do_IBUF[9]_inst/O' [/home/ubuntu/course-lab_3/lab-fir/fir/rtl/fir.v:2]
CRITICAL WARNING: [Synth 8-6859] multi-driven net on pin data_Do_IBUF[9] with 2nd driver pin 'xin/RAM_reg_0_15_9_9/DPO' [/home/ubuntu/course-lab_3/lab-fir/bram/bram11.v:29]
CRITICAL WARNING: [Synth 8-6859] multi-driven net on pin data_Do_IBUF[10] with 1st driver pin 'data_Do_IBUF[10]_inst/O' [/home/ubuntu/course-lab_3/lab-fir/fir/rtl/fir.v:2]
CRITICAL WARNING: [Synth 8-6859] multi-driven net on pin data_Do_IBUF[10] with 2nd driver pin 'xin/RAM_reg_0_15_10_10/DPO' [/home/ubuntu/course-lab_3/lab-fir/bram/bram11.v:29]
CRITICAL WARNING: [Synth 8-6859] multi-driven net on pin data_Do_IBUF[11] with 1st driver pin 'data_Do_IBUF[11]_inst/O' [/home/ubuntu/course-lab_3/lab-fir/fir/rtl/fir.v:2]
CRITICAL WARNING: [Synth 8-6859] multi-driven net on pin data_Do_IBUF[11] with 2nd driver pin 'xin/RAM_reg_0_15_11_11/DPO' [/home/ubuntu/course-lab_3/lab-fir/bram/bram11.v:29]
CRITICAL WARNING: [Synth 8-6859] multi-driven net on pin data_Do_IBUF[12] with 1st driver pin 'data_Do_IBUF[12]_inst/O' [/home/ubuntu/course-lab_3/lab-fir/fir/rtl/fir.v:2]
CRITICAL WARNING: [Synth 8-6859] multi-driven net on pin data_Do_IBUF[12] with 2nd driver pin 'xin/RAM_reg_0_15_12_12/DPO' [/home/ubuntu/course-lab_3/lab-fir/bram/bram11.v:29]
CRITICAL WARNING: [Synth 8-6859] multi-driven net on pin data_Do_IBUF[13] with 1st driver pin 'data_Do_IBUF[13]_inst/O' [/home/ubuntu/course-lab_3/lab-fir/fir/rtl/fir.v:2]
CRITICAL WARNING: [Synth 8-6859] multi-driven net on pin data_Do_IBUF[13] with 2nd driver pin 'xin/RAM_reg_0_15_13_13/DPO' [/home/ubuntu/course-lab_3/lab-fir/bram/bram11.v:29]
CRITICAL WARNING: [Synth 8-6859] multi-driven net on pin data_Do_IBUF[14] with 1st driver pin 'data_Do_IBUF[14]_inst/O' [/home/ubuntu/course-lab_3/lab-fir/fir/rtl/fir.v:2]
CRITICAL WARNING: [Synth 8-6859] multi-driven net on pin data_Do_IBUF[14] with 2nd driver pin 'xin/RAM_reg_0_15_14_14/DPO' [/home/ubuntu/course-lab_3/lab-fir/bram/bram11.v:29]
CRITICAL WARNING: [Synth 8-6859] multi-driven net on pin data_Do_IBUF[15] with 1st driver pin 'data_Do_IBUF[15]_inst/O' [/home/ubuntu/course-lab_3/lab-fir/fir/rtl/fir.v:2]
CRITICAL WARNING: [Synth 8-6859] multi-driven net on pin data_Do_IBUF[15] with 2nd driver pin 'xin/RAM_reg_0_15_15_15/DPO' [/home/ubuntu/course-lab_3/lab-fir/bram/bram11.v:29]
CRITICAL WARNING: [Synth 8-6859] multi-driven net on pin data_Do_IBUF[16] with 1st driver pin 'data_Do_IBUF[16]_inst/O' [/home/ubuntu/course-lab_3/lab-fir/fir/rtl/fir.v:2]
CRITICAL WARNING: [Synth 8-6859] multi-driven net on pin data_Do_IBUF[16] with 2nd driver pin 'xin/RAM_reg_0_15_16_16/DPO' [/home/ubuntu/course-lab_3/lab-fir/bram/bram11.v:29]
CRITICAL WARNING: [Synth 8-6859] multi-driven net on pin data_Do_IBUF[17] with 1st driver pin 'data_Do_IBUF[17]_inst/O' [/home/ubuntu/course-lab_3/lab-fir/fir/rtl/fir.v:2]
CRITICAL WARNING: [Synth 8-6859] multi-driven net on pin data_Do_IBUF[17] with 2nd driver pin 'xin/RAM_reg_0_15_17_17/DPO' [/home/ubuntu/course-lab_3/lab-fir/bram/bram11.v:29]
INFO: [Common 17-14] Message 'Synth 8-6859' appears 100 times and further instances of the messages will be disabled. Use the Tcl command set_msg_config to change the current settings.

Report Check Netlist: 
+------+------------------+-------+---------+-------+------------------+
|      |Item              |Errors |Warnings |Status |Description       |
+------+------------------+-------+---------+-------+------------------+
|1     |multi_driven_nets |      0|       64|Failed |Multi driven nets |
+------+------------------+-------+---------+-------+------------------+
---------------------------------------------------------------------------------
Start Rebuilding User Hierarchy
---------------------------------------------------------------------------------
---------------------------------------------------------------------------------
Finished Rebuilding User Hierarchy : Time (s): cpu = 00:00:15 ; elapsed = 00:00:16 . Memory (MB): peak = 3006.199 ; gain = 568.340 ; free physical = 665 ; free virtual = 4628
---------------------------------------------------------------------------------
---------------------------------------------------------------------------------
Start Renaming Generated Ports
---------------------------------------------------------------------------------
---------------------------------------------------------------------------------
Finished Renaming Generated Ports : Time (s): cpu = 00:00:15 ; elapsed = 00:00:16 . Memory (MB): peak = 3006.199 ; gain = 568.340 ; free physical = 665 ; free virtual = 4628
---------------------------------------------------------------------------------
---------------------------------------------------------------------------------
Start Handling Custom Attributes
---------------------------------------------------------------------------------
---------------------------------------------------------------------------------
Finished Handling Custom Attributes : Time (s): cpu = 00:00:15 ; elapsed = 00:00:16 . Memory (MB): peak = 3006.199 ; gain = 568.340 ; free physical = 665 ; free virtual = 4628
---------------------------------------------------------------------------------
---------------------------------------------------------------------------------
Start Renaming Generated Nets
---------------------------------------------------------------------------------
---------------------------------------------------------------------------------
Finished Renaming Generated Nets : Time (s): cpu = 00:00:15 ; elapsed = 00:00:16 . Memory (MB): peak = 3006.199 ; gain = 568.340 ; free physical = 665 ; free virtual = 4628
---------------------------------------------------------------------------------
---------------------------------------------------------------------------------
Start Writing Synthesis Report
---------------------------------------------------------------------------------

DSP Final Report (the ' indicates corresponding REG is set)
+------------+--------------+--------+--------+--------+--------+--------+------+------+------+------+-------+------+------+
|Module Name | DSP Mapping  | A Size | B Size | C Size | D Size | P Size | AREG | BREG | CREG | DREG | ADREG | MREG | PREG | 
+------------+--------------+--------+--------+--------+--------+--------+------+------+------+------+-------+------+------+
|fir         | A*B          | 17     | 18     | -      | -      | 48     | 0    | 0    | -    | -    | -     | 0    | 0    | 
|fir         | A*B          | 17     | 17     | -      | -      | 48     | 0    | 0    | -    | -    | -     | 0    | 0    | 
|fir         | PCIN>>17+A*B | 17     | 18     | -      | -      | 48     | 0    | 0    | -    | -    | -     | 0    | 0    | 
+------------+--------------+--------+--------+--------+--------+--------+------+------+------+------+-------+------+------+


Report BlackBoxes: 
+-+--------------+----------+
| |BlackBox name |Instances |
+-+--------------+----------+
+-+--------------+----------+

Report Cell Usage: 
+------+---------+------+
|      |Cell     |Count |
+------+---------+------+
|1     |BUFG     |     2|
|2     |CARRY4   |    12|
|3     |DSP48E1  |     3|
|4     |LUT1     |     2|
|5     |LUT2     |   129|
|6     |LUT3     |    52|
|7     |LUT4     |    42|
|8     |LUT5     |    37|
|9     |LUT6     |   108|
|10    |RAM16X1D |    64|
|11    |FDCE     |   105|
|12    |FDPE     |     6|
|13    |FDRE     |     8|
|14    |LD       |    32|
|15    |IBUF     |   160|
|16    |OBUF     |   169|
+------+---------+------+
---------------------------------------------------------------------------------
Finished Writing Synthesis Report : Time (s): cpu = 00:00:15 ; elapsed = 00:00:16 . Memory (MB): peak = 3006.199 ; gain = 568.340 ; free physical = 665 ; free virtual = 4628
---------------------------------------------------------------------------------
Synthesis finished with 0 errors, 128 critical warnings and 9 warnings.
Synthesis Optimization Runtime : Time (s): cpu = 00:00:14 ; elapsed = 00:00:15 . Memory (MB): peak = 3006.199 ; gain = 461.613 ; free physical = 665 ; free virtual = 4628
Synthesis Optimization Complete : Time (s): cpu = 00:00:15 ; elapsed = 00:00:16 . Memory (MB): peak = 3006.207 ; gain = 568.340 ; free physical = 665 ; free virtual = 4628
INFO: [Project 1-571] Translating synthesized netlist
Netlist sorting complete. Time (s): cpu = 00:00:00 ; elapsed = 00:00:00 . Memory (MB): peak = 3006.207 ; gain = 0.000 ; free physical = 948 ; free virtual = 4911
INFO: [Netlist 29-17] Analyzing 111 Unisim elements for replacement
INFO: [Netlist 29-28] Unisim Transformation completed in 0 CPU seconds
INFO: [Project 1-570] Preparing netlist for logic optimization
INFO: [Opt 31-138] Pushed 0 inverter(s) to 0 load pin(s).
Netlist sorting complete. Time (s): cpu = 00:00:00 ; elapsed = 00:00:00 . Memory (MB): peak = 3006.207 ; gain = 0.000 ; free physical = 947 ; free virtual = 4910
INFO: [Project 1-111] Unisim Transformation Summary:
  A total of 96 instances were transformed.
  LD => LDCE: 32 instances
  RAM16X1D => RAM32X1D (RAMD32(x2)): 64 instances

Synth Design complete | Checksum: 214f1469
INFO: [Common 17-83] Releasing license: Synthesis
25 Infos, 28 Warnings, 100 Critical Warnings and 0 Errors encountered.
synth_design completed successfully
synth_design: Time (s): cpu = 00:00:20 ; elapsed = 00:00:19 . Memory (MB): peak = 3006.207 ; gain = 916.785 ; free physical = 947 ; free virtual = 4910
INFO: [Common 17-2834] synth_design peak Physical Memory [PSS] (MB): overall = 2598.464; main = 2292.979; forked = 380.605
INFO: [Common 17-2834] synth_design peak Virtual Memory [VSS] (MB): overall = 3985.035; main = 3006.203; forked = 978.832
INFO: [runtcl-6] Synthesis results are not added to the cache due to CRITICAL_WARNING
INFO: [Common 17-1381] The checkpoint '/home/ubuntu/course-lab_3/vivado/project_1.runs/synth_1/fir.dcp' has been generated.
INFO: [runtcl-4] Executing : report_utilization -file fir_utilization_synth.rpt -pb fir_utilization_synth.pb
INFO: [Common 17-206] Exiting Vivado at Sun Oct 22 10:50:21 2023...
